==13414== drd, a thread error detector
==13414== Copyright (C) 2006-2015, and GNU GPL'd, by Bart Van Assche.
==13414== Using Valgrind-3.12.0.SVN and LibVEX; rerun with -h for copyright info
==13414== Command: ./multi_uri_router.fcgi
==13414== Parent PID: 12069
==13414== 
==13414== Started using memory range 0x108000 + 192512
==13414== Started using memory range 0x336000 + 8192
==13414== Started using memory range 0x4000000 + 143360
==13414== Started using memory range 0x4223000 + 8192
==13414== Started using memory range 0x4225000 + 4096
==13414== Started using memory range 0x4226000 + 4096
==13414== Started using memory range 0x38085000 + 4096
==13414== Started using memory range 0xffefff000 + 8192
==13414== Started using memory range 0x38085218 + 101
==13414== Started using memory range 0x4226000 + 4096
==13414== Stopped using memory range 0x4226000 + 4096
==13414== Started using memory range 0x4a26000 + 2105344
==13414== Started using memory range 0x4c26000 + 8192
==13414== Started using memory range 0x4023000 + 8192
==13414== Started using memory range 0x4c28000 + 2236416
==13414== Started using memory range 0x4e48000 + 8192
==13414== Started using memory range 0x4e4a000 + 3284992
==13414== Started using memory range 0x5163000 + 36864
==13414== Started using memory range 0x4025000 + 110592
==13414== Started using memory range 0x516c000 + 2215936
==13414== Started using memory range 0x5383000 + 8192
==13414== Started using memory range 0x5385000 + 16384
==13414== Started using memory range 0x5389000 + 3678208
==13414== Started using memory range 0x56fb000 + 49152
==13414== Started using memory range 0x5707000 + 16384
==13414== Started using memory range 0x570b000 + 3162112
==13414== Started using memory range 0x5a0d000 + 8192
==13414== Started using memory range 0x5a0f000 + 2191360
==13414== Started using memory range 0x5c24000 + 8192
==13414== Started using memory range 0x4040000 + 8192
==13414== Started using memory range 0x5c26000 + 3796992
==13414== Started using memory range 0x5fbb000 + 24576
==13414== Started using memory range 0x5fc1000 + 16384
==13414== Started using memory range 0x4042000 + 12288
==13414== Started using memory range 0x4045000 + 12288
==13414== Stopped using memory range 0x4025000 + 110592
==13414== Started using memory range 0x5fc5030 + 72704
==13414== Started using memory range 0x5fd6c50 + 36
==13414== Started using memory range 0x5fd6ca0 + 36
==13414== Started using memory range 0x5fd6cf0 + 40
==13414== Started using memory range 0x5fd6d40 + 48
==13414== Started using memory range 0x5fd6d90 + 40
==13414== Started using memory range 0x5fd6de0 + 60
==13414== Started using memory range 0x5fd6e40 + 40
==13414== Started using memory range 0x5fd6e90 + 124
==13414== Stopped using memory range 0x5fd6e40 + 40
==13414== Started using memory range 0x5fd6e40 + 40
==13414== Started using memory range 0x5fd6f30 + 464
==13414== Started using memory range 0x5fd7120 + 2052
==13414== Stopped using memory range 0x5fd6f30 + 464
==13414== Started using memory range 0x5fd6f30 + 124
==13414== Stopped using memory range 0x5fd7120 + 2052
==13414== Stopped using memory range 0x5fd6e40 + 40
==13414== Started using memory range 0x5fd6fd0 + 72
==13414== Started using memory range 0x5fd7040 + 72
==13414== Started using memory range 0x5fd70b0 + 72
==13414== Started using memory range 0x5fd7120 + 72
==13414== Started using memory range 0x5fd7190 + 72
==13414== Started using memory range 0x5fd6e40 + 28
==13414== Started using memory range 0x5fd7200 + 20
==13414== Started using memory range 0x5fd7240 + 20
==13414== Started using memory range 0x5fd7280 + 24
==13414== Started using memory range 0x5fd72c0 + 28
==13414== Started using memory range 0x5fd7300 + 72
==13414== Started using memory range 0x5fd7370 + 28
==13414== Started using memory range 0x5fd73b0 + 72
==13414== Started using memory range 0x5fd7420 + 20
==13414== Started using memory range 0x5fd7460 + 72
==13414== Started using memory range 0x5fd74d0 + 20
==13414== Started using memory range 0x5fd7510 + 72
==13414== Started using memory range 0x5fd7580 + 24
==13414== Started using memory range 0x5fd75c0 + 72
==13414== Started using memory range 0x5fd7630 + 28
==13414== Stopped using memory range 0x5fd72c0 + 28
==13414== Stopped using memory range 0x5fd7280 + 24
==13414== Stopped using memory range 0x5fd7240 + 20
==13414== Stopped using memory range 0x5fd7200 + 20
==13414== Stopped using memory range 0x5fd6e40 + 28
==13414== Started using memory range 0x5fd7200 + 72
==13414== Started using memory range 0x5fd7270 + 72
==13414== Started using memory range 0x5fd7670 + 72
==13414== Started using memory range 0x5fd76e0 + 72
==13414== Started using memory range 0x5fd7750 + 72
==13414== Started using memory range 0x5fd77c0 + 72
==13414== Started using memory range 0x5fd7830 + 72
==13414== Started using memory range 0x5fd78a0 + 72
==13414== Started using memory range 0x5fd7910 + 72
==13414== Started using memory range 0x5fd7980 + 72
==13414== Started using memory range 0x5fd79f0 + 72
==13414== Started using memory range 0x5fd7a60 + 72
==13414== Started using memory range 0x5fd7ad0 + 72
==13414== Started using memory range 0x5fd7b40 + 72
==13414== Started using memory range 0x5fd7bb0 + 72
==13414== Started using memory range 0x5fd7c20 + 72
==13414== Started using memory range 0x5fd7c90 + 72
==13414== Started using memory range 0x5fd7d00 + 72
==13414== Started using memory range 0x5fd7d70 + 72
==13414== Started using memory range 0x5fd7de0 + 72
==13414== Started using memory range 0x5fd7e50 + 72
==13414== Started using memory range 0x5fd7ec0 + 72
==13414== Started using memory range 0x5fd7f30 + 72
==13414== Started using memory range 0x5fd7fa0 + 72
==13414== Started using memory range 0x5fd8010 + 72
==13414== Started using memory range 0x5fd8080 + 72
==13414== Started using memory range 0x5fd80f0 + 72
==13414== Started using memory range 0x5fd8160 + 72
==13414== Started using memory range 0x5fd81d0 + 72
==13414== Started using memory range 0x5fd8240 + 72
==13414== Started using memory range 0x5fd82b0 + 72
==13414== Started using memory range 0x5fd8320 + 72
==13414== Started using memory range 0x5fd8390 + 72
==13414== Started using memory range 0x5fd8400 + 72
==13414== Started using memory range 0x5fd8470 + 72
==13414== Started using memory range 0x5fd84e0 + 72
==13414== Started using memory range 0x5fd8550 + 72
==13414== Started using memory range 0x5fd85c0 + 72
==13414== Started using memory range 0x5fd8630 + 72
==13414== Started using memory range 0x5fd86a0 + 72
==13414== Started using memory range 0x5fd8710 + 72
==13414== Started using memory range 0x5fd8780 + 72
==13414== Started using memory range 0x5fd87f0 + 72
==13414== Started using memory range 0x5fd8860 + 72
==13414== Started using memory range 0x5fd88d0 + 72
==13414== Started using memory range 0x5fd8940 + 72
==13414== Started using memory range 0x5fd6e40 + 24
==13414== Started using memory range 0x5fd89b0 + 64
==13414== Started using memory range 0x5fd8a10 + 512
==13414== Started using memory range 0x5fd8c30 + 24
==13414== Started using memory range 0x5fd8c70 + 64
==13414== Started using memory range 0x5fd8cd0 + 512
==13414== Started using memory range 0x5fd8ef0 + 15
==13414== Started using memory range 0x5fd8f20 + 552
==13414== Started using memory range 0x5fd9170 + 4096
==13414== Started using memory range 0x5fda190 + 758
==13414== Stopped using memory range 0x5fd9170 + 4096
==13414== Stopped using memory range 0x5fd8f20 + 552
==13414== Started using memory range 0x5fd8f20 + 20
==13414== Started using memory range 0x5fd8f60 + 20
==13414== Started using memory range 0x5fd8fa0 + 21
==13414== Started using memory range 0x5fd8fe0 + 20
==13414== Started using memory range 0x5fd9020 + 1024
==13414== Started using memory range 0x5fda4b0 + 4096
==13414== Started using memory range 0x5fd9440 + 160
==13414== Stopped using memory range 0x5fd9440 + 160
==13414== Stopped using memory range 0x5fd8ef0 + 15
==13414== Started using memory range 0x5fd8ef0 + 15
==13414== Started using memory range 0x5fd9440 + 156
==13414== Stopped using memory range 0x5fd9440 + 156
==13414== Stopped using memory range 0x5fd6e40 + 24
==13414== Started using memory range 0x5fd9440 + 64
==13414== Started using memory range 0x5fd94a0 + 512
==13414== Started using memory range 0x5fd96c0 + 64
==13414== Started using memory range 0x5fd9720 + 512
==13414== Stopped using memory range 0x5fd9720 + 512
==13414== Stopped using memory range 0x5fd96c0 + 64
==13414== Started using memory range 0x5fd96c0 + 64
==13414== Started using memory range 0x5fd9720 + 504
==13414== Started using memory range 0x5fd9940 + 64
==13414== Started using memory range 0x5fd99a0 + 504
==13414== Stopped using memory range 0x5fd99a0 + 504
==13414== Stopped using memory range 0x5fd9940 + 64
==13414== Started using memory range 0x5fd6e40 + 8
==13414== Stopped using memory range 0x5fd8ef0 + 15
==13414== Started using memory range 0x5fd8ef0 + 15
==13414== Started using memory range 0x5fd9940 + 164
==13414== Stopped using memory range 0x5fd9940 + 164
==13414== Started using memory range 0x5fd9940 + 60
==13414== Started using memory range 0x5fd99a0 + 60
==13414== Started using memory range 0x5fd9a00 + 96
==13414== Stopped using memory range 0x5fd9940 + 60
==13414== Started using memory range 0x5fd9940 + 56
==13414== Started using memory range 0x5fd9a80 + 56
==13414== Started using memory range 0x5fd9ae0 + 96
==13414== Stopped using memory range 0x5fd9940 + 56
==13414== Started using memory range 0x5fd9940 + 40
==13414== Stopped using memory range 0x5fd8ef0 + 15
==13414== Started using memory range 0x5fd8ef0 + 15
==13414== Started using memory range 0x5fd9b60 + 104
==13414== Stopped using memory range 0x5fd9b60 + 104
==13414== Started using memory range 0x5fd9b60 + 32
==13414== Started using memory range 0x63c5000 + 8392704 (inside pthread_create())
==13414== Started using memory range 0x5fd9ba0 + 288 (inside pthread_create())
==13414== Started using memory range 0x5fd9ce0 + 48
==13414== Started using memory range 0x5fd9d30 + 1024
==13414== Stopped using memory range 0x5fd9ce0 + 48
==13414== Started using memory range 0x5fda150 + 32
==13414== Started using memory range 0x6bc6000 + 8392704 (inside pthread_create())
==13414== Started using memory range 0x5fdb4d0 + 288 (inside pthread_create())
==13414== Started using memory range 0x5fd9ce0 + 48
==13414== Stopped using memory range 0x5fd9d30 + 1024
==13414== Stopped using memory range 0x5fd9ce0 + 48
==13414== Started using memory range 0x5fd9ce0 + 1024
==13414== Stopped using memory range 0x5fd9ce0 + 1024
==13414== Started using memory range 0x5fd9ce0 + 1024
==13414== Stopped using memory range 0x5fd9ce0 + 1024
==13414== Started using memory range 0x5fd9ce0 + 1024
==13414== Stopped using memory range 0x5fd9ce0 + 1024
==13414== Started using memory range 0x5fd9ce0 + 1024
==13414== Stopped using memory range 0x5fd9ce0 + 1024
==13414== Started using memory range 0x5fd9ce0 + 1024
==13414== Stopped using memory range 0x5fd9ce0 + 1024
==13414== Started using memory range 0x5fd9ce0 + 1024
==13414== Stopped using memory range 0x5fd9ce0 + 1024
==13414== Started using memory range 0x5fd9ce0 + 1024
==13414== Stopped using memory range 0x5fd9ce0 + 1024
==13414== Started using memory range 0x5fd9ce0 + 16
==13414== Started using memory range 0x5fd9d10 + 24
==13414== Started using memory range 0x5fd9d50 + 64
==13414== Started using memory range 0x5fdb610 + 1024
==13414== Stopped using memory range 0x5fdb610 + 1024
==13414== Started using memory range 0x5fdb610 + 1024
==13414== Stopped using memory range 0x5fdb610 + 1024
==13414== Started using memory range 0x5fdb610 + 1024
==13414== Stopped using memory range 0x5fdb610 + 1024
==13414== Started using memory range 0x5fdb610 + 1024
==13414== Stopped using memory range 0x5fdb610 + 1024
==13414== Started using memory range 0x5fdb610 + 1024
==13414== Stopped using memory range 0x5fdb610 + 1024
==13414== Started using memory range 0x5fd9db0 + 80
==13414== Started using memory range 0x5fd9e20 + 8
==13414== Started using memory range 0x5fd9e50 + 16
==13414== Stopped using memory range 0x5fd9e20 + 8
==13414== Started using memory range 0x5fd9e80 + 72
==13414== Started using memory range 0x5fdb610 + 67424
==13414== Started using memory range 0x5fd9ef0 + 64
==13414== Started using memory range 0x5febd90 + 512
==13414== Started using memory range 0x5fd9f50 + 64
==13414== Started using memory range 0x5febfb0 + 512
==13414== Stopped using memory range 0x5febfb0 + 512
==13414== Stopped using memory range 0x5fd9f50 + 64
==13414== Started using memory range 0x5fd9f50 + 56
==13414== Started using memory range 0x5fd9fb0 + 24
==13414== Started using memory range 0x5fd9ff0 + 56
==13414== Started using memory range 0x5fda050 + 24
==13414== Started using memory range 0x5fda090 + 24
==13414== Started using memory range 0x5fda0d0 + 40
==13414== Started using memory range 0x5febfb0 + 40
==13414== Started using memory range 0x5fec000 + 24
==13414== Stopped using memory range 0x5fda090 + 24
==13414== Stopped using memory range 0x5fda0d0 + 40
==13414== Started using memory range 0x5fda090 + 24
==13414== Started using memory range 0x5fda0d0 + 40
==13414== Started using memory range 0x5fec040 + 40
==13414== Started using memory range 0x5fec090 + 24
==13414== Stopped using memory range 0x5fda090 + 24
==13414== Stopped using memory range 0x5fda0d0 + 40
==13414== Stopped using memory range 0x5fd9fb0 + 24
==13414== Started using memory range 0x5fec0d0 + 1024
==13414== Stopped using memory range 0x5fec0d0 + 1024
==13414== Stopped using memory range 0x5fd9f50 + 56
==13414== Started using memory range 0x5fec0d0 + 1024
==13414== Stopped using memory range 0x5fec0d0 + 1024
==13414== Started using memory range 0x5fec0d0 + 1024
==13414== Stopped using memory range 0x5fec0d0 + 1024
==13414== Started using memory range 0x5fec0d0 + 1024
==13414== Stopped using memory range 0x5fec0d0 + 1024
==13414== Stopped using memory range 0x5fd9e50 + 16
==13414== Started using memory range 0x5fec0d0 + 1024
==13414== Stopped using memory range 0x5fec0d0 + 1024
==13414== Started using memory range 0x5fec0d0 + 1024
==13414== Stopped using memory range 0x5fec0d0 + 1024
==13414== Started using memory range 0x5fec0d0 + 1024
==13414== Stopped using memory range 0x5fec0d0 + 1024
==13414== Started using memory range 0x5fec0d0 + 1024
==13414== Stopped using memory range 0x5fec0d0 + 1024
==13414== Started using memory range 0x5fec0d0 + 1024
==13414== Stopped using memory range 0x5fec0d0 + 1024
==13414== Started using memory range 0x5fd9e20 + 8
==13414== Started using memory range 0x5fec0d0 + 600
==13414== Stopped using memory range 0x5fd9e20 + 8
==13414== Started using memory range 0x5fec350 + 1024
==13414== Stopped using memory range 0x5fec350 + 1024
==13414== Started using memory range 0x5fec350 + 1024
==13414== Stopped using memory range 0x5fec350 + 1024
==13414== Started using memory range 0x5fec350 + 1024
==13414== Stopped using memory range 0x5fec350 + 1024
==13414== Started using memory range 0x5fec350 + 1024
==13414== Stopped using memory range 0x5fec350 + 1024
==13414== Started using memory range 0x5fec350 + 1024
==13414== Stopped using memory range 0x5fec350 + 1024
==13414== Started using memory range 0x5fec350 + 1024
==13414== Stopped using memory range 0x5fec350 + 1024
==13414== Started using memory range 0x5fec350 + 1024
==13414== Stopped using memory range 0x5fec350 + 1024
==13414== Started using memory range 0x5fec350 + 1024
==13414== Stopped using memory range 0x5fec350 + 1024
==13414== Started using memory range 0x5fec350 + 1024
==13414== Stopped using memory range 0x5fec350 + 1024
==13414== Started using memory range 0x5fd9e20 + 8
==13414== Started using memory range 0x5fec350 + 1024
==13414== Stopped using memory range 0x5fec350 + 1024
==13414== Started using memory range 0x5fec350 + 1024
==13414== Stopped using memory range 0x5fec350 + 1024
==13414== Started using memory range 0x5fd9f50 + 40
==13414== Started using memory range 0x5fec350 + 304
==13414== Stopped using memory range 0x5fd9f50 + 40
==13414== Started using memory range 0x5fd9f50 + 31
==13414== Started using memory range 0x5fec4a0 + 1024
==13414== Stopped using memory range 0x5fec4a0 + 1024
==13414== Started using memory range 0x5fd9f90 + 40
==13414== Started using memory range 0x5fec4a0 + 604
==13414== Stopped using memory range 0x5fd9f90 + 40
==13414== Stopped using memory range 0x5fd9f50 + 31
==13414== Started using memory range 0x5fd9f50 + 96
==13414== Started using memory range 0x5fda090 + 64
==13414== Started using memory range 0x5fec720 + 124
==13414== Stopped using memory range 0x5fec4a0 + 604
==13414== Stopped using memory range 0x5fec350 + 304
==13414== Started using memory range 0x5fec7c0 + 1024
==13414== Stopped using memory range 0x5fec7c0 + 1024
==13414== Started using memory range 0x5fda0f0 + 40
==13414== Stopped using memory range 0x5fda0f0 + 40
==13414== Started using memory range 0x5fec7c0 + 1024
==13414== Stopped using memory range 0x5fec7c0 + 1024
==13414== Started using memory range 0x5fda0f0 + 40
==13414== Started using memory range 0x5fec350 + 284
==13414== Stopped using memory range 0x5fda0f0 + 40
==13414== Started using memory range 0x5fec7c0 + 1024
==13414== Stopped using memory range 0x5fec7c0 + 1024
==13414== Started using memory range 0x5fda0f0 + 40
==13414== Started using memory range 0x5fec490 + 284
==13414== Stopped using memory range 0x5fda0f0 + 40
==13414== Started using memory range 0x5fec7c0 + 1024
==13414== Stopped using memory range 0x5fec7c0 + 1024
==13414== Started using memory range 0x5fec7c0 + 1024
==13414== Stopped using memory range 0x5fec7c0 + 1024
==13414== Started using memory range 0x5fec7c0 + 1024
==13414== Stopped using memory range 0x5fec7c0 + 1024
==13414== Started using memory range 0x5fec7c0 + 1024
==13414== Stopped using memory range 0x5fec7c0 + 1024
==13414== Started using memory range 0x5fec7c0 + 1024
==13414== Stopped using memory range 0x5fec7c0 + 1024
==13414== Started using memory range 0x5fec7c0 + 1024
==13414== Stopped using memory range 0x5fec7c0 + 1024
==13414== Started using memory range 0x5fec7c0 + 1024
==13414== Stopped using memory range 0x5fec7c0 + 1024
==13414== Started using memory range 0x5fec7c0 + 1024
==13414== Stopped using memory range 0x5fec7c0 + 1024
==13414== Started using memory range 0x5fd9e50 + 8
==13414== Started using memory range 0x5fec7c0 + 1024
==13414== Stopped using memory range 0x5fec7c0 + 1024
==13414== Started using memory range 0x5fec7c0 + 1024
==13414== Stopped using memory range 0x5fec7c0 + 1024
==13414== Started using memory range 0x5fec7c0 + 1024
==13414== Stopped using memory range 0x5fec7c0 + 1024
==13414== Started using memory range 0x5fec7c0 + 1024
==13414== Stopped using memory range 0x5fec7c0 + 1024
==13414== Started using memory range 0x5fec7c0 + 1024
==13414== Stopped using memory range 0x5fec7c0 + 1024
==13414== Started using memory range 0x5fec7c0 + 1024
==13414== Stopped using memory range 0x5fec7c0 + 1024
==13414== Started using memory range 0x5fda0f0 + 40
==13414== Started using memory range 0x5fec5d0 + 244
==13414== Stopped using memory range 0x5fda0f0 + 40
==13414== Started using memory range 0x5fec7c0 + 1024
==13414== Stopped using memory range 0x5fec7c0 + 1024
==13414== Started using memory range 0x5fda0f0 + 40
==13414== Started using memory range 0x5fec7c0 + 284
==13414== Stopped using memory range 0x5fda0f0 + 40
==13414== Started using memory range 0x5fec900 + 96
==13414== Started using memory range 0x5fda0f0 + 52
==13414== Started using memory range 0x5fec980 + 60
==13414== Stopped using memory range 0x5fec7c0 + 284
==13414== Stopped using memory range 0x5fec5d0 + 244
==13414== Started using memory range 0x5fec7c0 + 31
==13414== Started using memory range 0x5fec9e0 + 1024
==13414== Stopped using memory range 0x5fec9e0 + 1024
==13414== Started using memory range 0x5fec800 + 40
==13414== Started using memory range 0x5fec9e0 + 324
==13414== Stopped using memory range 0x5fec800 + 40
==13414== Stopped using memory range 0x5fec7c0 + 31
==13414== Started using memory range 0x5fecb50 + 1024
==13414== Stopped using memory range 0x5fecb50 + 1024
==13414== Started using memory range 0x5fec7c0 + 40
==13414== Started using memory range 0x5fec5d0 + 304
==13414== Stopped using memory range 0x5fec7c0 + 40
==13414== Started using memory range 0x5fecb50 + 1024
==13414== Stopped using memory range 0x5fecb50 + 1024
==13414== Started using memory range 0x5fec7c0 + 40
==13414== Started using memory range 0x5fec810 + 164
==13414== Stopped using memory range 0x5fec7c0 + 40
==13414== Started using memory range 0x5fecb50 + 96
==13414== Started using memory range 0x5fecbd0 + 64
==13414== Started using memory range 0x5fec7c0 + 36
==13414== Stopped using memory range 0x5fec810 + 164
==13414== Stopped using memory range 0x5fec5d0 + 304
==13414== Started using memory range 0x5fecc30 + 1024
==13414== Stopped using memory range 0x5fecc30 + 1024
==13414== Started using memory range 0x5fec810 + 40
==13414== Started using memory range 0x5fec5d0 + 284
==13414== Stopped using memory range 0x5fec810 + 40
==13414== Started using memory range 0x5fecc30 + 1024
==13414== Stopped using memory range 0x5fecc30 + 1024
==13414== Started using memory range 0x5fec810 + 40
==13414== Started using memory range 0x5fec860 + 84
==13414== Stopped using memory range 0x5fec810 + 40
==13414== Started using memory range 0x5fecc30 + 96
==13414== Started using memory range 0x5feccb0 + 60
==13414== Started using memory range 0x5fec810 + 28
==13414== Stopped using memory range 0x5fec860 + 84
==13414== Stopped using memory range 0x5fec5d0 + 284
==13414== Started using memory range 0x5fecd10 + 1024
==13414== Stopped using memory range 0x5fecd10 + 1024
==13414== Started using memory range 0x5fec860 + 40
==13414== Started using memory range 0x5fec5d0 + 304
==13414== Stopped using memory range 0x5fec860 + 40
==13414== Started using memory range 0x5fecd10 + 1024
==13414== Stopped using memory range 0x5fecd10 + 1024
==13414== Started using memory range 0x5fec860 + 40
==13414== Started using memory range 0x5fecd10 + 244
==13414== Stopped using memory range 0x5fec860 + 40
==13414== Started using memory range 0x5fec860 + 96
==13414== Started using memory range 0x5fece30 + 64
==13414== Started using memory range 0x5fece90 + 52
==13414== Stopped using memory range 0x5fecd10 + 244
==13414== Stopped using memory range 0x5fec5d0 + 304
==13414== Started using memory range 0x5fecef0 + 1024
==13414== Stopped using memory range 0x5fecef0 + 1024
==13414== Started using memory range 0x5fecd10 + 40
==13414== Started using memory range 0x5fec5d0 + 224
==13414== Stopped using memory range 0x5fecd10 + 40
==13414== Started using memory range 0x5fec6d0 + 31
==13414== Started using memory range 0x5fecef0 + 1024
==13414== Stopped using memory range 0x5fecef0 + 1024
==13414== Started using memory range 0x5fecd10 + 40
==13414== Started using memory range 0x5fecef0 + 364
==13414== Stopped using memory range 0x5fecd10 + 40
==13414== Stopped using memory range 0x5fec6d0 + 31
==13414== Started using memory range 0x5fecd10 + 96
==13414== Started using memory range 0x5fec6d0 + 48
==13414== Started using memory range 0x5fecd90 + 76
==13414== Stopped using memory range 0x5fecef0 + 364
==13414== Stopped using memory range 0x5fec5d0 + 224
==13414== Started using memory range 0x5fecef0 + 1024
==13414== Stopped using memory range 0x5fecef0 + 1024
==13414== Started using memory range 0x5fec5d0 + 40
==13414== Started using memory range 0x5fecef0 + 304
==13414== Stopped using memory range 0x5fec5d0 + 40
==13414== Started using memory range 0x5fed040 + 1024
==13414== Stopped using memory range 0x5fed040 + 1024
==13414== Started using memory range 0x5fec5d0 + 40
==13414== Started using memory range 0x5fec620 + 64
==13414== Stopped using memory range 0x5fec5d0 + 40
==13414== Started using memory range 0x5fed040 + 96
==13414== Started using memory range 0x5fed0c0 + 64
==13414== Stopped using memory range 0x5fec620 + 64
==13414== Stopped using memory range 0x5fecef0 + 304
==13414== Started using memory range 0x5fec5d0 + 31
==13414== Started using memory range 0x5fed120 + 1024
==13414== Stopped using memory range 0x5fed120 + 1024
==13414== Started using memory range 0x5fec610 + 40
==13414== Started using memory range 0x5fed120 + 424
==13414== Stopped using memory range 0x5fec610 + 40
==13414== Stopped using memory range 0x5fec5d0 + 31
==13414== Started using memory range 0x5fed2f0 + 1024
==13414== Stopped using memory range 0x5fed2f0 + 1024
==13414== Started using memory range 0x5fec5d0 + 40
==13414== Started using memory range 0x5fec620 + 64
==13414== Stopped using memory range 0x5fec5d0 + 40
==13414== Started using memory range 0x5fec680 + 31
==13414== Started using memory range 0x5fed2f0 + 1024
==13414== Stopped using memory range 0x5fed2f0 + 1024
==13414== Started using memory range 0x5fec5d0 + 40
==13414== Started using memory range 0x5fed2f0 + 404
==13414== Stopped using memory range 0x5fec5d0 + 40
==13414== Stopped using memory range 0x5fec680 + 31
==13414== Started using memory range 0x5fed4b0 + 1024
==13414== Stopped using memory range 0x5fed4b0 + 1024
==13414== Started using memory range 0x5fec5d0 + 40
==13414== Started using memory range 0x5fecef0 + 164
==13414== Stopped using memory range 0x5fec5d0 + 40
==13414== Started using memory range 0x5fecfc0 + 96
==13414== Started using memory range 0x5fed4b0 + 84
==13414== Started using memory range 0x5fec680 + 36
==13414== Stopped using memory range 0x5fecef0 + 164
==13414== Stopped using memory range 0x5fed2f0 + 404
==13414== Started using memory range 0x5fed530 + 1024
==13414== Stopped using memory range 0x5fed530 + 1024
==13414== Started using memory range 0x5fec5d0 + 40
==13414== Started using memory range 0x5fed2f0 + 284
==13414== Stopped using memory range 0x5fec5d0 + 40
==13414== Started using memory range 0x5fed530 + 1024
==13414== Stopped using memory range 0x5fed530 + 1024
==13414== Started using memory range 0x5fec5d0 + 40
==13414== Started using memory range 0x5fed530 + 304
==13414== Stopped using memory range 0x5fec5d0 + 40
==13414== Started using memory range 0x5fed680 + 1024
==13414== Stopped using memory range 0x5fed680 + 1024
==13414== Started using memory range 0x5fec5d0 + 40
==13414== Started using memory range 0x5fed680 + 204
==13414== Stopped using memory range 0x5fec5d0 + 40
==13414== Started using memory range 0x5fed430 + 96
==13414== Started using memory range 0x5fecef0 + 64
==13414== Started using memory range 0x5fec5d0 + 44
==13414== Stopped using memory range 0x5fed680 + 204
==13414== Stopped using memory range 0x5fed530 + 304
==13414== Stopped using memory range 0x5fec0d0 + 600
==13414== Started using memory range 0x5fed530 + 1024
==13414== Stopped using memory range 0x5fed530 + 1024
==13414== Started using memory range 0x5fed530 + 1024
==13414== Stopped using memory range 0x5fed530 + 1024
==13414== Stopped using memory range 0x5fd9e20 + 8
==13414== Started using memory range 0x5fed530 + 1024
==13414== Stopped using memory range 0x5fed530 + 1024
==13414== Started using memory range 0x5fed530 + 1024
==13414== Stopped using memory range 0x5fed530 + 1024
==13414== Started using memory range 0x5fed530 + 1024
==13414== Stopped using memory range 0x5fed530 + 1024
==13414== Started using memory range 0x5fed530 + 1024
==13414== Stopped using memory range 0x5fed530 + 1024
==13414== Started using memory range 0x5fecf50 + 60
==13414== Started using memory range 0x5fed530 + 67424
==13414== Started using memory range 0x5fec0d0 + 64
==13414== Started using memory range 0x5fec130 + 512
==13414== Started using memory range 0x5ffdcb0 + 56
==13414== Started using memory range 0x5ffdd10 + 24
==13414== Started using memory range 0x5ffdd50 + 1024
==13414== Stopped using memory range 0x5ffdd50 + 1024
==13414== Started using memory range 0x5ffdd50 + 1024
==13414== Stopped using memory range 0x5ffdd50 + 1024
==13414== Started using memory range 0x5ffdd50 + 56
==13414== Started using memory range 0x5ffddb0 + 24
==13414== Started using memory range 0x5ffddf0 + 56
==13414== Started using memory range 0x5ffde50 + 1024
==13414== Stopped using memory range 0x5ffde50 + 1024
==13414== Stopped using memory range 0x5ffdcb0 + 56
==13414== Started using memory range 0x5ffdcb0 + 24
==13414== Stopped using memory range 0x5ffdd10 + 24
==13414== Started using memory range 0x5ffdcf0 + 24
==13414== Started using memory range 0x5ffde50 + 40
==13414== Started using memory range 0x5ffdea0 + 40
==13414== Started using memory range 0x5ffdef0 + 24
==13414== Stopped using memory range 0x5fec000 + 24
==13414== Stopped using memory range 0x5febfb0 + 40
==13414== Stopped using memory range 0x5ffdcf0 + 24
==13414== Stopped using memory range 0x5ffde50 + 40
==13414== Started using memory range 0x5ffde50 + 24
==13414== Started using memory range 0x5ffdcf0 + 40
==13414== Started using memory range 0x5febfb0 + 40
==13414== Started using memory range 0x5fec000 + 24
==13414== Stopped using memory range 0x5fec090 + 24
==13414== Stopped using memory range 0x5fec040 + 40
==13414== Stopped using memory range 0x5ffde50 + 24
==13414== Stopped using memory range 0x5ffdcf0 + 40
==13414== Stopped using memory range 0x5ffddb0 + 24
==13414== Started using memory range 0x5ffdf30 + 1024
==13414== Stopped using memory range 0x5ffdf30 + 1024
==13414== Stopped using memory range 0x5ffdd50 + 56
==13414== Started using memory range 0x5ffdf30 + 1024
==13414== Stopped using memory range 0x5ffdf30 + 1024
==13414== Started using memory range 0x5ffdf30 + 1024
==13414== Stopped using memory range 0x5ffdf30 + 1024
==13414== Started using memory range 0x5ffdf30 + 1024
==13414== Stopped using memory range 0x5ffdf30 + 1024
==13414== Stopped using memory range 0x5fecf50 + 60
==13414== Started using memory range 0x5ffdf30 + 1024
==13414== Stopped using memory range 0x5ffdf30 + 1024
==13414== Started using memory range 0x5ffdf30 + 1024
==13414== Stopped using memory range 0x5ffdf30 + 1024
==13414== Started using memory range 0x5ffdf30 + 1024
==13414== Stopped using memory range 0x5ffdf30 + 1024
==13414== Stopped using memory range 0x5fda050 + 24
==13414== Started using memory range 0x5ffdf30 + 1024
==13414== Stopped using memory range 0x5ffdf30 + 1024
==13414== Started using memory range 0x5ffdf30 + 1024
==13414== Stopped using memory range 0x5ffdf30 + 1024
==13414== Stopped using memory range 0x5fd9ff0 + 56
==13414== Stopped using memory range 0x5fec130 + 512
==13414== Stopped using memory range 0x5fec0d0 + 64
==13414== Stopped using memory range 0x5fdb610 + 67424
==13414== Thread 3:
==13414== Destroying locked mutex: mutex 0x5fdb618, recursion count 1, owner 3.
==13414==    at 0x4C3075B: operator delete(void*) (vg_replace_malloc.c:576)
==13414==    by 0x120C82: Fastcgipp::Request<wchar_t>::~Request() (request.hpp:198)
==13414==    by 0x123D2D: std::default_delete<Fastcgipp::Request<wchar_t> >::operator()(Fastcgipp::Request<wchar_t>*) const (unique_ptr.h:76)
==13414==    by 0x122DF4: std::unique_ptr<Fastcgipp::Request<wchar_t>, std::default_delete<Fastcgipp::Request<wchar_t> > >::~unique_ptr() (unique_ptr.h:239)
==13414==    by 0x126D66: Fastcgipp::MultiUriRouter<wchar_t, Fastcgipp::Request<wchar_t> >::upgradeRequest(std::unique_ptr<Fastcgipp::Request_base, std::default_delete<Fastcgipp::Request_base> >) (manager.hpp:390)
==13414==    by 0x4F218E3: Fastcgipp::Manager_base::handler() (manager.cpp:288)
==13414==    by 0x4F2B66B: void std::__invoke_impl<void, void (Fastcgipp::Manager_base::* const&)(), Fastcgipp::Manager_base*>(std::__invoke_memfun_deref, void (Fastcgipp::Manager_base::* const&)(), Fastcgipp::Manager_base*&&) (functional:227)
==13414==    by 0x4F2B5F8: std::result_of<void (Fastcgipp::Manager_base::* const&(Fastcgipp::Manager_base*&&))()>::type std::__invoke<void (Fastcgipp::Manager_base::* const&)(), Fastcgipp::Manager_base*>(void (Fastcgipp::Manager_base::* const&)(), Fastcgipp::Manager_base*&&) (functional:251)
==13414==    by 0x4F2B5A9: decltype (__invoke((*this)._M_pmf, (forward<Fastcgipp::Manager_base*>)({parm#1}))) std::_Mem_fn_base<void (Fastcgipp::Manager_base::*)(), true>::operator()<Fastcgipp::Manager_base*>(Fastcgipp::Manager_base*&&) const (functional:604)
==13414==    by 0x4F2B574: void std::_Bind_simple<std::_Mem_fn<void (Fastcgipp::Manager_base::*)()> (Fastcgipp::Manager_base*)>::_M_invoke<0ul>(std::_Index_tuple<0ul>) (functional:1391)
==13414==    by 0x4F2B4C2: std::_Bind_simple<std::_Mem_fn<void (Fastcgipp::Manager_base::*)()> (Fastcgipp::Manager_base*)>::operator()() (functional:1380)
==13414==    by 0x4F2B4A1: std::thread::_State_impl<std::_Bind_simple<std::_Mem_fn<void (Fastcgipp::Manager_base::*)()> (Fastcgipp::Manager_base*)> >::_M_run() (thread:197)
==13414== mutex 0x5fdb618 was first observed at:
==13414==    at 0x4C357A8: pthread_mutex_trylock_intercept (drd_pthread_intercepts.c:924)
==13414==    by 0x4C357A8: pthread_mutex_trylock (drd_pthread_intercepts.c:937)
==13414==    by 0x4F2096B: __gthread_mutex_trylock(pthread_mutex_t*) (gthr-default.h:757)
==13414==    by 0x4F22C69: std::mutex::try_lock() (std_mutex.h:114)
==13414==    by 0x4F247B2: std::unique_lock<std::mutex>::unique_lock(std::mutex&, std::try_to_lock_t) (std_mutex.h:206)
==13414==    by 0x4F21830: Fastcgipp::Manager_base::handler() (manager.cpp:281)
==13414==    by 0x4F2B66B: void std::__invoke_impl<void, void (Fastcgipp::Manager_base::* const&)(), Fastcgipp::Manager_base*>(std::__invoke_memfun_deref, void (Fastcgipp::Manager_base::* const&)(), Fastcgipp::Manager_base*&&) (functional:227)
==13414==    by 0x4F2B5F8: std::result_of<void (Fastcgipp::Manager_base::* const&(Fastcgipp::Manager_base*&&))()>::type std::__invoke<void (Fastcgipp::Manager_base::* const&)(), Fastcgipp::Manager_base*>(void (Fastcgipp::Manager_base::* const&)(), Fastcgipp::Manager_base*&&) (functional:251)
==13414==    by 0x4F2B5A9: decltype (__invoke((*this)._M_pmf, (forward<Fastcgipp::Manager_base*>)({parm#1}))) std::_Mem_fn_base<void (Fastcgipp::Manager_base::*)(), true>::operator()<Fastcgipp::Manager_base*>(Fastcgipp::Manager_base*&&) const (functional:604)
==13414==    by 0x4F2B574: void std::_Bind_simple<std::_Mem_fn<void (Fastcgipp::Manager_base::*)()> (Fastcgipp::Manager_base*)>::_M_invoke<0ul>(std::_Index_tuple<0ul>) (functional:1391)
==13414==    by 0x4F2B4C2: std::_Bind_simple<std::_Mem_fn<void (Fastcgipp::Manager_base::*)()> (Fastcgipp::Manager_base*)>::operator()() (functional:1380)
==13414==    by 0x4F2B4A1: std::thread::_State_impl<std::_Bind_simple<std::_Mem_fn<void (Fastcgipp::Manager_base::*)()> (Fastcgipp::Manager_base*)> >::_M_run() (thread:197)
==13414==    by 0x5442E6E: execute_native_thread_routine (thread.cc:83)
==13414== 
==13414== The object at address 0x5fdb618 is not a mutex.
==13414==    at 0x4C36318: pthread_mutex_unlock_intercept (drd_pthread_intercepts.c:972)
==13414==    by 0x4C36318: pthread_mutex_unlock (drd_pthread_intercepts.c:985)
==13414==    by 0x11DA23: __gthread_mutex_unlock(pthread_mutex_t*) (gthr-default.h:778)
==13414==    by 0x11E13F: std::mutex::unlock() (std_mutex.h:121)
==13414==    by 0x4F1D3F9: std::unique_lock<std::mutex>::unlock() (std_mutex.h:323)
==13414==    by 0x4F21915: Fastcgipp::Manager_base::handler() (manager.cpp:290)
==13414==    by 0x4F2B66B: void std::__invoke_impl<void, void (Fastcgipp::Manager_base::* const&)(), Fastcgipp::Manager_base*>(std::__invoke_memfun_deref, void (Fastcgipp::Manager_base::* const&)(), Fastcgipp::Manager_base*&&) (functional:227)
==13414==    by 0x4F2B5F8: std::result_of<void (Fastcgipp::Manager_base::* const&(Fastcgipp::Manager_base*&&))()>::type std::__invoke<void (Fastcgipp::Manager_base::* const&)(), Fastcgipp::Manager_base*>(void (Fastcgipp::Manager_base::* const&)(), Fastcgipp::Manager_base*&&) (functional:251)
==13414==    by 0x4F2B5A9: decltype (__invoke((*this)._M_pmf, (forward<Fastcgipp::Manager_base*>)({parm#1}))) std::_Mem_fn_base<void (Fastcgipp::Manager_base::*)(), true>::operator()<Fastcgipp::Manager_base*>(Fastcgipp::Manager_base*&&) const (functional:604)
==13414==    by 0x4F2B574: void std::_Bind_simple<std::_Mem_fn<void (Fastcgipp::Manager_base::*)()> (Fastcgipp::Manager_base*)>::_M_invoke<0ul>(std::_Index_tuple<0ul>) (functional:1391)
==13414==    by 0x4F2B4C2: std::_Bind_simple<std::_Mem_fn<void (Fastcgipp::Manager_base::*)()> (Fastcgipp::Manager_base*)>::operator()() (functional:1380)
==13414==    by 0x4F2B4A1: std::thread::_State_impl<std::_Bind_simple<std::_Mem_fn<void (Fastcgipp::Manager_base::*)()> (Fastcgipp::Manager_base*)> >::_M_run() (thread:197)
==13414==    by 0x5442E6E: execute_native_thread_routine (thread.cc:83)
==13414== 
==13414== Started using memory range 0x5fdb610 + 1024
==13414== Stopped using memory range 0x5fdb610 + 1024
==13414== Started using memory range 0x5ffde50 + 20
==13414== Started using memory range 0x5fecf50 + 34
==13414== Started using memory range 0x5fdb610 + 1024
==13414== Stopped using memory range 0x5fdb610 + 1024
==13414== Started using memory range 0x5fdb610 + 1024
==13414== Stopped using memory range 0x5fdb610 + 1024
==13414== Started using memory range 0x5fdb610 + 1224
==13414== Started using memory range 0x5fdbb00 + 1024
==13414== Stopped using memory range 0x5fdbb00 + 1024
==13414== Started using memory range 0x5fd9fd0 + 64
==13414== Started using memory range 0x5fdbb00 + 1024
==13414== Started using memory range 0x5fece00 + 16
==13414== Stopped using memory range 0x5fdbb00 + 1024
==13414== Started using memory range 0x5fdbb00 + 1024
==13414== Stopped using memory range 0x5fdbb00 + 1024
==13414== Started using memory range 0x5fdbb00 + 1024
==13414== Stopped using memory range 0x5fdbb00 + 1024
==13414== Started using memory range 0x5fd9e20 + 8
==13414== Started using memory range 0x5fdbb00 + 1024
==13414== Stopped using memory range 0x5fdbb00 + 1024
==13414== Started using memory range 0x5fda030 + 56
==13414== Started using memory range 0x5fdbb00 + 1024
==13414== Stopped using memory range 0x5fdbb00 + 1024
==13414== Started using memory range 0x5ffdcf0 + 64
==13414== Started using memory range 0x5fdbb00 + 1024
==13414== Stopped using memory range 0x5fdbb00 + 1024
==13414== Started using memory range 0x5fdbb00 + 1024
==13414== Stopped using memory range 0x5fdbb00 + 1024
==13414== Started using memory range 0x5fdbb00 + 1024
==13414== Stopped using memory range 0x5fdbb00 + 1024
==13414== Started using memory range 0x5fdbb00 + 1024
==13414== Stopped using memory range 0x5fdbb00 + 1024
==13414== Stopped using memory range 0x5fec000 + 24
==13414== Stopped using memory range 0x5febfb0 + 40
==13414== Started using memory range 0x5fdbb00 + 1024
==13414== Stopped using memory range 0x5fdbb00 + 1024
==13414== Stopped using memory range 0x5ffdef0 + 24
==13414== Stopped using memory range 0x5ffdea0 + 40
==13414== Started using memory range 0x5fdbb00 + 1024
==13414== Stopped using memory range 0x5fdbb00 + 1024
==13414== Stopped using memory range 0x5ffdcb0 + 24
==13414== Started using memory range 0x5fdbb00 + 1024
==13414== Stopped using memory range 0x5fdbb00 + 1024
==13414== Stopped using memory range 0x5fece90 + 52
==13414== Stopped using memory range 0x5fece30 + 64
==13414== Stopped using memory range 0x5fec860 + 96
==13414== Stopped using memory range 0x5fec7c0 + 36
==13414== Stopped using memory range 0x5fecbd0 + 64
==13414== Stopped using memory range 0x5fecb50 + 96
==13414== Stopped using memory range 0x5fecd90 + 76
==13414== Stopped using memory range 0x5fec6d0 + 48
==13414== Stopped using memory range 0x5fecd10 + 96
==13414== Stopped using memory range 0x5fec720 + 124
==13414== Stopped using memory range 0x5fda090 + 64
==13414== Stopped using memory range 0x5fd9f50 + 96
==13414== Stopped using memory range 0x5fec810 + 28
==13414== Stopped using memory range 0x5feccb0 + 60
==13414== Stopped using memory range 0x5fecc30 + 96
==13414== Stopped using memory range 0x5fed0c0 + 64
==13414== Stopped using memory range 0x5fed040 + 96
==13414== Stopped using memory range 0x5fec5d0 + 44
==13414== Stopped using memory range 0x5fecef0 + 64
==13414== Stopped using memory range 0x5fed430 + 96
==13414== Stopped using memory range 0x5fec680 + 36
==13414== Stopped using memory range 0x5fed4b0 + 84
==13414== Stopped using memory range 0x5fecfc0 + 96
==13414== Stopped using memory range 0x5fec980 + 60
==13414== Stopped using memory range 0x5fda0f0 + 52
==13414== Stopped using memory range 0x5fec900 + 96
==13414== Stopped using memory range 0x5fec490 + 284
==13414== Stopped using memory range 0x5fec350 + 284
==13414== Stopped using memory range 0x5fec9e0 + 324
==13414== Stopped using memory range 0x5fec620 + 64
==13414== Stopped using memory range 0x5fed120 + 424
==13414== Stopped using memory range 0x5fed2f0 + 284
==13414== Started using memory range 0x5fecfa0 + 1024
==13414== Stopped using memory range 0x5fecfa0 + 1024
==13414== Stopped using memory range 0x5ffddf0 + 56
==13414== Stopped using memory range 0x5fd9e50 + 8
==13414== Stopped using memory range 0x5febd90 + 512
==13414== Stopped using memory range 0x5fd9ef0 + 64
==13414== Stopped using memory range 0x5fed530 + 67424
==13414== Started using memory range 0x5fdbb00 + 1024
==13414== Stopped using memory range 0x5fdbb00 + 1024
==13414== Stopped using memory range 0x5fd9e80 + 72
==13414== Started using memory range 0x5fecfa0 + 1024
==13414== Started using memory range 0x5fdbb00 + 1024
==13414== Stopped using memory range 0x5fdbb00 + 1024
==13414== Stopped using memory range 0x5fecfa0 + 1024
==13414== Started using memory range 0x5fdbb00 + 1024
==13414== Stopped using memory range 0x5fdbb00 + 1024
==13414== Started using memory range 0x5fecfa0 + 1024
==13414== Stopped using memory range 0x5fecfa0 + 1024
==13414== Started using memory range 0x5fdbb00 + 1024
==13414== Stopped using memory range 0x5fdbb00 + 1024
==13414== Started using memory range 0x5fecfa0 + 1024
==13414== Stopped using memory range 0x5fecfa0 + 1024
==13414== Stopped using memory range 0x5fd9d50 + 64
==13414== Stopped using memory range 0x5fd9e20 + 8
==13414== Started using memory range 0x5fdbb00 + 1024
==13414== Stopped using memory range 0x5fdbb00 + 1024
==13414== Stopped using memory range 0x5fd9db0 + 80
==13414== Started using memory range 0x5fecfa0 + 1024
==13414== Stopped using memory range 0x5fecfa0 + 1024
==13414== Started using memory range 0x5fdbb00 + 1024
==13414== Stopped using memory range 0x5fdbb00 + 1024
==13414== Started using memory range 0x5fecfa0 + 1024
==13414== Stopped using memory range 0x5fecfa0 + 1024
==13414== Started using memory range 0x5fdbb00 + 1024
==13414== Stopped using memory range 0x5fdbb00 + 1024
==13414== Started using memory range 0x5fecfa0 + 1024
==13414== Stopped using memory range 0x5fecfa0 + 1024
==13414== Started using memory range 0x5fdbb00 + 1024
==13414== Stopped using memory range 0x5fdbb00 + 1024
==13414== Started using memory range 0x5fecfa0 + 1024
==13414== Stopped using memory range 0x5fecfa0 + 1024
==13414== Started using memory range 0x5fdbb00 + 1024
==13414== Stopped using memory range 0x5fdbb00 + 1024
==13414== Stopped using memory range 0x5fdb610 + 1224
==13414== Started using memory range 0x5fecfa0 + 1024
==13414== Stopped using memory range 0x5fecfa0 + 1024
==13414== Stopped using memory range 0x5fd9fd0 + 64
==13414== Started using memory range 0x5fdb610 + 1024
==13414== Stopped using memory range 0x5fdb610 + 1024
==13414== Started using memory range 0x5fecfa0 + 1024
==13414== Stopped using memory range 0x5fecfa0 + 1024
==13414== Stopped using memory range 0x5fece00 + 16
==13414== Started using memory range 0x5fecfa0 + 1024
==13414== Stopped using memory range 0x5fecfa0 + 1024
==13414== Stopped using memory range 0x5ffdcf0 + 64
==13414== Started using memory range 0x5fdb610 + 1024
==13414== Stopped using memory range 0x5fdb610 + 1024
==13414== Started using memory range 0x5fecfa0 + 1024
==13414== Stopped using memory range 0x5fecfa0 + 1024
==13414== Started using memory range 0x5fdb610 + 1024
==13414== Stopped using memory range 0x5fdb610 + 1024
==13414== Started using memory range 0x5fecfa0 + 1024
==13414== Stopped using memory range 0x5fecfa0 + 1024
==13414== Started using memory range 0x5fdb610 + 1024
==13414== Stopped using memory range 0x5fdb610 + 1024
==13414== Started using memory range 0x5fecfa0 + 1024
==13414== Stopped using memory range 0x5fecfa0 + 1024
==13414== Stopped using memory range 0x5fd9ce0 + 16
==13414== Stopped using memory range 0x5fd9d10 + 24
==13414== Started using memory range 0x5fdb610 + 1024
==13414== Stopped using memory range 0x5fdb610 + 1024
==13414== Started using memory range 0x5fecfa0 + 1024
==13414== Stopped using memory range 0x5fecfa0 + 1024
==13414== Started using memory range 0x5fdb610 + 1024
==13414== Stopped using memory range 0x5fdb610 + 1024
==13414== 
==13414== Process terminating with default action of signal 2 (SIGINT)
==13414==    at 0x51746DD: pthread_join (pthread_join.c:90)
==13414==    by 0x4C32FAF: pthread_join_intercept (drd_pthread_intercepts.c:702)
==13414==    by 0x4C32FAF: pthread_join (drd_pthread_intercepts.c:712)
==13414==    by 0x54430F6: __gthread_join (gthr-default.h:668)
==13414==    by 0x54430F6: std::thread::join() (thread.cc:136)
==13414==    by 0x4F212E0: Fastcgipp::Manager_base::join() (manager.cpp:95)
==13414==    by 0x11DC0C: main (multi_uri_router.cpp:318)
==13414== 
==13414== For counts of detected and suppressed errors, rerun with: -v
==13414== ERROR SUMMARY: 2 errors from 2 contexts (suppressed: 2208 from 1112)
